<?xml version="1.0" encoding="UTF-8" ?>
<testsuites>
 <testsuite name="Calculator Suite" timestamp="2015-07-05T02:27:57" hostname="localhost" time="4.013" errors="0" tests="4" skipped="1" disabled="0" failures="0">
  <testcase classname="Calculator Suite" name="should add numbers" time="0.003">
  </testcase>
  <testcase classname="Calculator Suite" name="should execute async spec..." time="4.003">
  </testcase>
  <testcase classname="Calculator Suite" name="should subtract numbers" time="0.001">
  </testcase>
  <testcase classname="Calculator Suite" name="should multiply numbers (final)" time="0.001"><skipped />
  </testcase>
 </testsuite>
</testsuites>